{
  error: Error: uncaught exception
      at file:///Users/romaindepret/Documents/Documents/Cours%20et%20Elearning/Udemy/De%CC%81veloppement%20Web/MERN%20e-commerce%20project/app/server/index.js:18:7
      at ModuleJob.run (node:internal/modules/esm/module_job:185:25)
      at async Promise.all (index 0)
      at async ESMLoader.import (node:internal/modules/esm/loader:281:24)
      at async loadESM (node:internal/process/esm_loader:88:5)
      at async handleMainPromise (node:internal/modules/run_main:65:12),
  level: 'error',
  message: 'uncaughtException: uncaught exception\n' +
    'Error: uncaught exception\n' +
    '    at file:///Users/romaindepret/Documents/Documents/Cours%20et%20Elearning/Udemy/De%CC%81veloppement%20Web/MERN%20e-commerce%20project/app/server/index.js:18:7\n' +
    '    at ModuleJob.run (node:internal/modules/esm/module_job:185:25)\n' +
    '    at async Promise.all (index 0)\n' +
    '    at async ESMLoader.import (node:internal/modules/esm/loader:281:24)\n' +
    '    at async loadESM (node:internal/process/esm_loader:88:5)\n' +
    '    at async handleMainPromise (node:internal/modules/run_main:65:12)',
  stack: 'Error: uncaught exception\n' +
    '    at file:///Users/romaindepret/Documents/Documents/Cours%20et%20Elearning/Udemy/De%CC%81veloppement%20Web/MERN%20e-commerce%20project/app/server/index.js:18:7\n' +
    '    at ModuleJob.run (node:internal/modules/esm/module_job:185:25)\n' +
    '    at async Promise.all (index 0)\n' +
    '    at async ESMLoader.import (node:internal/modules/esm/loader:281:24)\n' +
    '    at async loadESM (node:internal/process/esm_loader:88:5)\n' +
    '    at async handleMainPromise (node:internal/modules/run_main:65:12)',
  exception: true,
  date: 'Fri Jan 06 2023 15:52:40 GMT-0500 (heure normale de l’Est)',
  process: {
    pid: 5377,
    uid: 501,
    gid: 20,
    cwd: '/Users/romaindepret/Documents/Documents/Cours et Elearning/Udemy/Développement Web/MERN e-commerce project/app/server',
    execPath: '/usr/local/bin/node',
    version: 'v16.13.1',
    argv: [
      '/usr/local/bin/node',
      '/Users/romaindepret/Documents/Documents/Cours et Elearning/Udemy/Développement Web/MERN e-commerce project/app/server/index.js'
    ],
    memoryUsage: {
      rss: 72183808,
      heapTotal: 37318656,
      heapUsed: 21975088,
      external: 23688939,
      arrayBuffers: 18357313
    }
  },
  os: {
    loadavg: [ 3.4111328125, 2.9833984375, 2.88623046875 ],
    uptime: 22078
  },
  trace: [
    {
      column: 7,
      file: 'file:///Users/romaindepret/Documents/Documents/Cours%20et%20Elearning/Udemy/De%CC%81veloppement%20Web/MERN%20e-commerce%20project/app/server/index.js',
      function: null,
      line: 18,
      method: null,
      native: false
    },
    {
      column: 25,
      file: 'node:internal/modules/esm/module_job',
      function: 'ModuleJob.run',
      line: 185,
      method: 'run',
      native: false
    },
    {
      column: null,
      file: null,
      function: 'async Promise.all',
      line: null,
      method: 'all',
      native: false
    },
    {
      column: 24,
      file: 'node:internal/modules/esm/loader',
      function: 'async ESMLoader.import',
      line: 281,
      method: 'import',
      native: false
    },
    {
      column: 5,
      file: 'node:internal/process/esm_loader',
      function: 'async loadESM',
      line: 88,
      method: null,
      native: false
    },
    {
      column: 12,
      file: 'node:internal/modules/run_main',
      function: 'async handleMainPromise',
      line: 65,
      method: null,
      native: false
    }
  ],
  timestamp: '2023-01-06T20:52:40.304Z'
}
{
  error: Error: uncaught exception
      at file:///Users/romaindepret/Documents/Documents/Cours%20et%20Elearning/Udemy/De%CC%81veloppement%20Web/MERN%20e-commerce%20project/app/server/index.js:18:7
      at ModuleJob.run (node:internal/modules/esm/module_job:185:25)
      at async Promise.all (index 0)
      at async ESMLoader.import (node:internal/modules/esm/loader:281:24)
      at async loadESM (node:internal/process/esm_loader:88:5)
      at async handleMainPromise (node:internal/modules/run_main:65:12),
  level: 'error',
  message: 'uncaughtException: uncaught exception\n' +
    'Error: uncaught exception\n' +
    '    at file:///Users/romaindepret/Documents/Documents/Cours%20et%20Elearning/Udemy/De%CC%81veloppement%20Web/MERN%20e-commerce%20project/app/server/index.js:18:7\n' +
    '    at ModuleJob.run (node:internal/modules/esm/module_job:185:25)\n' +
    '    at async Promise.all (index 0)\n' +
    '    at async ESMLoader.import (node:internal/modules/esm/loader:281:24)\n' +
    '    at async loadESM (node:internal/process/esm_loader:88:5)\n' +
    '    at async handleMainPromise (node:internal/modules/run_main:65:12)',
  stack: 'Error: uncaught exception\n' +
    '    at file:///Users/romaindepret/Documents/Documents/Cours%20et%20Elearning/Udemy/De%CC%81veloppement%20Web/MERN%20e-commerce%20project/app/server/index.js:18:7\n' +
    '    at ModuleJob.run (node:internal/modules/esm/module_job:185:25)\n' +
    '    at async Promise.all (index 0)\n' +
    '    at async ESMLoader.import (node:internal/modules/esm/loader:281:24)\n' +
    '    at async loadESM (node:internal/process/esm_loader:88:5)\n' +
    '    at async handleMainPromise (node:internal/modules/run_main:65:12)',
  exception: true,
  date: 'Fri Jan 06 2023 15:53:11 GMT-0500 (heure normale de l’Est)',
  process: {
    pid: 5388,
    uid: 501,
    gid: 20,
    cwd: '/Users/romaindepret/Documents/Documents/Cours et Elearning/Udemy/Développement Web/MERN e-commerce project/app/server',
    execPath: '/usr/local/bin/node',
    version: 'v16.13.1',
    argv: [
      '/usr/local/bin/node',
      '/Users/romaindepret/Documents/Documents/Cours et Elearning/Udemy/Développement Web/MERN e-commerce project/app/server/index.js'
    ],
    memoryUsage: {
      rss: 72687616,
      heapTotal: 37318656,
      heapUsed: 21871560,
      external: 23688954,
      arrayBuffers: 18351491
    }
  },
  os: {
    loadavg: [ 3.447265625, 3.03173828125, 2.90673828125 ],
    uptime: 22109
  },
  trace: [
    {
      column: 7,
      file: 'file:///Users/romaindepret/Documents/Documents/Cours%20et%20Elearning/Udemy/De%CC%81veloppement%20Web/MERN%20e-commerce%20project/app/server/index.js',
      function: null,
      line: 18,
      method: null,
      native: false
    },
    {
      column: 25,
      file: 'node:internal/modules/esm/module_job',
      function: 'ModuleJob.run',
      line: 185,
      method: 'run',
      native: false
    },
    {
      column: null,
      file: null,
      function: 'async Promise.all',
      line: null,
      method: 'all',
      native: false
    },
    {
      column: 24,
      file: 'node:internal/modules/esm/loader',
      function: 'async ESMLoader.import',
      line: 281,
      method: 'import',
      native: false
    },
    {
      column: 5,
      file: 'node:internal/process/esm_loader',
      function: 'async loadESM',
      line: 88,
      method: null,
      native: false
    },
    {
      column: 12,
      file: 'node:internal/modules/run_main',
      function: 'async handleMainPromise',
      line: 65,
      method: null,
      native: false
    }
  ],
  timestamp: '2023-01-06T20:53:11.577Z'
}
{
  error: Error: uncaught exception
      at file:///Users/romaindepret/Documents/Documents/Cours%20et%20Elearning/Udemy/De%CC%81veloppement%20Web/MERN%20e-commerce%20project/app/server/index.js:18:7
      at ModuleJob.run (node:internal/modules/esm/module_job:185:25)
      at async Promise.all (index 0)
      at async ESMLoader.import (node:internal/modules/esm/loader:281:24)
      at async loadESM (node:internal/process/esm_loader:88:5)
      at async handleMainPromise (node:internal/modules/run_main:65:12),
  level: 'error',
  message: 'uncaughtException: uncaught exception\n' +
    'Error: uncaught exception\n' +
    '    at file:///Users/romaindepret/Documents/Documents/Cours%20et%20Elearning/Udemy/De%CC%81veloppement%20Web/MERN%20e-commerce%20project/app/server/index.js:18:7\n' +
    '    at ModuleJob.run (node:internal/modules/esm/module_job:185:25)\n' +
    '    at async Promise.all (index 0)\n' +
    '    at async ESMLoader.import (node:internal/modules/esm/loader:281:24)\n' +
    '    at async loadESM (node:internal/process/esm_loader:88:5)\n' +
    '    at async handleMainPromise (node:internal/modules/run_main:65:12)',
  stack: 'Error: uncaught exception\n' +
    '    at file:///Users/romaindepret/Documents/Documents/Cours%20et%20Elearning/Udemy/De%CC%81veloppement%20Web/MERN%20e-commerce%20project/app/server/index.js:18:7\n' +
    '    at ModuleJob.run (node:internal/modules/esm/module_job:185:25)\n' +
    '    at async Promise.all (index 0)\n' +
    '    at async ESMLoader.import (node:internal/modules/esm/loader:281:24)\n' +
    '    at async loadESM (node:internal/process/esm_loader:88:5)\n' +
    '    at async handleMainPromise (node:internal/modules/run_main:65:12)',
  exception: true,
  date: 'Fri Jan 06 2023 15:53:29 GMT-0500 (heure normale de l’Est)',
  process: {
    pid: 5392,
    uid: 501,
    gid: 20,
    cwd: '/Users/romaindepret/Documents/Documents/Cours et Elearning/Udemy/Développement Web/MERN e-commerce project/app/server',
    execPath: '/usr/local/bin/node',
    version: 'v16.13.1',
    argv: [
      '/usr/local/bin/node',
      '/Users/romaindepret/Documents/Documents/Cours et Elearning/Udemy/Développement Web/MERN e-commerce project/app/server/index.js'
    ],
    memoryUsage: {
      rss: 71692288,
      heapTotal: 36532224,
      heapUsed: 26164936,
      external: 22441810,
      arrayBuffers: 18758188
    }
  },
  os: {
    loadavg: [ 2.892578125, 2.931640625, 2.87353515625 ],
    uptime: 22127
  },
  trace: [
    {
      column: 7,
      file: 'file:///Users/romaindepret/Documents/Documents/Cours%20et%20Elearning/Udemy/De%CC%81veloppement%20Web/MERN%20e-commerce%20project/app/server/index.js',
      function: null,
      line: 18,
      method: null,
      native: false
    },
    {
      column: 25,
      file: 'node:internal/modules/esm/module_job',
      function: 'ModuleJob.run',
      line: 185,
      method: 'run',
      native: false
    },
    {
      column: null,
      file: null,
      function: 'async Promise.all',
      line: null,
      method: 'all',
      native: false
    },
    {
      column: 24,
      file: 'node:internal/modules/esm/loader',
      function: 'async ESMLoader.import',
      line: 281,
      method: 'import',
      native: false
    },
    {
      column: 5,
      file: 'node:internal/process/esm_loader',
      function: 'async loadESM',
      line: 88,
      method: null,
      native: false
    },
    {
      column: 12,
      file: 'node:internal/modules/run_main',
      function: 'async handleMainPromise',
      line: 65,
      method: null,
      native: false
    }
  ],
  timestamp: '2023-01-06T20:53:29.693Z'
}
{
  message: 'E11000 duplicate key error collection: eShop.users index: email_1 dup key: { email: "admin@vino.com" }',
  level: 'error',
  timestamp: '2023-01-07T16:03:15.014Z'
}
{
  message: 'E11000 duplicate key error collection: eShop.users index: email_1 dup key: { email: "admin@vino.com" }',
  level: 'error',
  timestamp: '2023-01-07T16:21:16.663Z'
}
{
  message: 'E11000 duplicate key error collection: eShop.users index: email_1 dup key: { email: "admin@vino.com" }',
  level: 'error',
  timestamp: '2023-01-07T16:29:31.657Z'
}
{
  message: 'Unexpected token } in JSON at position 165',
  level: 'error',
  timestamp: '2023-01-07T16:42:39.334Z'
}
{
  message: 'User validation failed: username: Path `username` is required.',
  level: 'error',
  timestamp: '2023-01-07T16:58:23.379Z'
}
{
  message: 'User validation failed: username: Path `username` is required.',
  level: 'error',
  timestamp: '2023-01-07T16:59:51.810Z'
}
{
  message: 'User validation failed: username: Path `username` (`s`) is shorter than the minimum allowed length (2).',
  level: 'error',
  timestamp: '2023-01-07T17:00:02.378Z'
}
{
  error: Error: FATAL ERROR: jwtPrivateKey is not defined
      at default (file:///Users/romaindepret/Documents/Documents/Cours%20et%20Elearning/Udemy/De%CC%81veloppement%20Web/MERN%20e-commerce%20project/app/server/startup/config.js:6:11)
      at file:///Users/romaindepret/Documents/Documents/Cours%20et%20Elearning/Udemy/De%CC%81veloppement%20Web/MERN%20e-commerce%20project/app/server/index.js:11:1
      at ModuleJob.run (node:internal/modules/esm/module_job:185:25)
      at async Promise.all (index 0)
      at async ESMLoader.import (node:internal/modules/esm/loader:281:24)
      at async loadESM (node:internal/process/esm_loader:88:5)
      at async handleMainPromise (node:internal/modules/run_main:65:12),
  level: 'error',
  message: 'uncaughtException: FATAL ERROR: jwtPrivateKey is not defined\n' +
    'Error: FATAL ERROR: jwtPrivateKey is not defined\n' +
    '    at default (file:///Users/romaindepret/Documents/Documents/Cours%20et%20Elearning/Udemy/De%CC%81veloppement%20Web/MERN%20e-commerce%20project/app/server/startup/config.js:6:11)\n' +
    '    at file:///Users/romaindepret/Documents/Documents/Cours%20et%20Elearning/Udemy/De%CC%81veloppement%20Web/MERN%20e-commerce%20project/app/server/index.js:11:1\n' +
    '    at ModuleJob.run (node:internal/modules/esm/module_job:185:25)\n' +
    '    at async Promise.all (index 0)\n' +
    '    at async ESMLoader.import (node:internal/modules/esm/loader:281:24)\n' +
    '    at async loadESM (node:internal/process/esm_loader:88:5)\n' +
    '    at async handleMainPromise (node:internal/modules/run_main:65:12)',
  stack: 'Error: FATAL ERROR: jwtPrivateKey is not defined\n' +
    '    at default (file:///Users/romaindepret/Documents/Documents/Cours%20et%20Elearning/Udemy/De%CC%81veloppement%20Web/MERN%20e-commerce%20project/app/server/startup/config.js:6:11)\n' +
    '    at file:///Users/romaindepret/Documents/Documents/Cours%20et%20Elearning/Udemy/De%CC%81veloppement%20Web/MERN%20e-commerce%20project/app/server/index.js:11:1\n' +
    '    at ModuleJob.run (node:internal/modules/esm/module_job:185:25)\n' +
    '    at async Promise.all (index 0)\n' +
    '    at async ESMLoader.import (node:internal/modules/esm/loader:281:24)\n' +
    '    at async loadESM (node:internal/process/esm_loader:88:5)\n' +
    '    at async handleMainPromise (node:internal/modules/run_main:65:12)',
  exception: true,
  date: 'Sat Jan 07 2023 14:35:24 GMT-0500 (heure normale de l’Est)',
  process: {
    pid: 3085,
    uid: 501,
    gid: 20,
    cwd: '/Users/romaindepret/Documents/Documents/Cours et Elearning/Udemy/Développement Web/MERN e-commerce project/app/server',
    execPath: '/usr/local/bin/node',
    version: 'v16.13.1',
    argv: [
      '/usr/local/bin/node',
      '/Users/romaindepret/Documents/Documents/Cours et Elearning/Udemy/Développement Web/MERN e-commerce project/app/server/index.js'
    ],
    memoryUsage: {
      rss: 79204352,
      heapTotal: 59363328,
      heapUsed: 32171936,
      external: 25514054,
      arrayBuffers: 18698105
    }
  },
  os: {
    loadavg: [ 2.5810546875, 2.87939453125, 2.865234375 ],
    uptime: 15905
  },
  trace: [
    {
      column: 11,
      file: 'file:///Users/romaindepret/Documents/Documents/Cours%20et%20Elearning/Udemy/De%CC%81veloppement%20Web/MERN%20e-commerce%20project/app/server/startup/config.js',
      function: 'default',
      line: 6,
      method: null,
      native: false
    },
    {
      column: 1,
      file: 'file:///Users/romaindepret/Documents/Documents/Cours%20et%20Elearning/Udemy/De%CC%81veloppement%20Web/MERN%20e-commerce%20project/app/server/index.js',
      function: null,
      line: 11,
      method: null,
      native: false
    },
    {
      column: 25,
      file: 'node:internal/modules/esm/module_job',
      function: 'ModuleJob.run',
      line: 185,
      method: 'run',
      native: false
    },
    {
      column: null,
      file: null,
      function: 'async Promise.all',
      line: null,
      method: 'all',
      native: false
    },
    {
      column: 24,
      file: 'node:internal/modules/esm/loader',
      function: 'async ESMLoader.import',
      line: 281,
      method: 'import',
      native: false
    },
    {
      column: 5,
      file: 'node:internal/process/esm_loader',
      function: 'async loadESM',
      line: 88,
      method: null,
      native: false
    },
    {
      column: 12,
      file: 'node:internal/modules/run_main',
      function: 'async handleMainPromise',
      line: 65,
      method: null,
      native: false
    }
  ],
  timestamp: '2023-01-07T19:35:24.296Z'
}
{
  message: 'User is not defined',
  level: 'error',
  timestamp: '2023-01-10T14:20:24.437Z'
}
{
  message: 'bcrypt is not defined',
  level: 'error',
  timestamp: '2023-01-10T14:21:24.206Z'
}
{
  error: ReferenceError: require is not defined in ES module scope, you can use import instead
  This file is being treated as an ES module because it has a '.js' file extension and '/Users/romaindepret/Documents/Documents/Cours et Elearning/Udemy/Développement Web/MERN e-commerce project/app/server/package.json' contains "type": "module". To treat it as a CommonJS script, rename it to use the '.cjs' file extension.
      at file:///Users/romaindepret/Documents/Documents/Cours%20et%20Elearning/Udemy/De%CC%81veloppement%20Web/MERN%20e-commerce%20project/app/server/middlewares/protectRoute.js:1:13
      at ModuleJob.run (node:internal/modules/esm/module_job:185:25)
      at async Promise.all (index 0)
      at async ESMLoader.import (node:internal/modules/esm/loader:281:24)
      at async loadESM (node:internal/process/esm_loader:88:5)
      at async handleMainPromise (node:internal/modules/run_main:65:12),
  level: 'error',
  message: 'uncaughtException: require is not defined in ES module scope, you can use import instead\n' +
    `This file is being treated as an ES module because it has a '.js' file extension and '/Users/romaindepret/Documents/Documents/Cours et Elearning/Udemy/Développement Web/MERN e-commerce project/app/server/package.json' contains "type": "module". To treat it as a CommonJS script, rename it to use the '.cjs' file extension.\n` +
    'ReferenceError: require is not defined in ES module scope, you can use import instead\n' +
    `This file is being treated as an ES module because it has a '.js' file extension and '/Users/romaindepret/Documents/Documents/Cours et Elearning/Udemy/Développement Web/MERN e-commerce project/app/server/package.json' contains "type": "module". To treat it as a CommonJS script, rename it to use the '.cjs' file extension.\n` +
    '    at file:///Users/romaindepret/Documents/Documents/Cours%20et%20Elearning/Udemy/De%CC%81veloppement%20Web/MERN%20e-commerce%20project/app/server/middlewares/protectRoute.js:1:13\n' +
    '    at ModuleJob.run (node:internal/modules/esm/module_job:185:25)\n' +
    '    at async Promise.all (index 0)\n' +
    '    at async ESMLoader.import (node:internal/modules/esm/loader:281:24)\n' +
    '    at async loadESM (node:internal/process/esm_loader:88:5)\n' +
    '    at async handleMainPromise (node:internal/modules/run_main:65:12)',
  stack: 'ReferenceError: require is not defined in ES module scope, you can use import instead\n' +
    `This file is being treated as an ES module because it has a '.js' file extension and '/Users/romaindepret/Documents/Documents/Cours et Elearning/Udemy/Développement Web/MERN e-commerce project/app/server/package.json' contains "type": "module". To treat it as a CommonJS script, rename it to use the '.cjs' file extension.\n` +
    '    at file:///Users/romaindepret/Documents/Documents/Cours%20et%20Elearning/Udemy/De%CC%81veloppement%20Web/MERN%20e-commerce%20project/app/server/middlewares/protectRoute.js:1:13\n' +
    '    at ModuleJob.run (node:internal/modules/esm/module_job:185:25)\n' +
    '    at async Promise.all (index 0)\n' +
    '    at async ESMLoader.import (node:internal/modules/esm/loader:281:24)\n' +
    '    at async loadESM (node:internal/process/esm_loader:88:5)\n' +
    '    at async handleMainPromise (node:internal/modules/run_main:65:12)',
  exception: true,
  date: 'Tue Jan 10 2023 09:41:25 GMT-0500 (heure normale de l’Est)',
  process: {
    pid: 2041,
    uid: 501,
    gid: 20,
    cwd: '/Users/romaindepret/Documents/Documents/Cours et Elearning/Udemy/Développement Web/MERN e-commerce project/app/server',
    execPath: '/usr/local/bin/node',
    version: 'v16.13.1',
    argv: [
      '/usr/local/bin/node',
      '/Users/romaindepret/Documents/Documents/Cours et Elearning/Udemy/Développement Web/MERN e-commerce project/app/server/index.js'
    ],
    memoryUsage: {
      rss: 79015936,
      heapTotal: 57790464,
      heapUsed: 33670080,
      external: 24439061,
      arrayBuffers: 18840353
    }
  },
  os: {
    loadavg: [ 3.22216796875, 3.21630859375, 3.48583984375 ],
    uptime: 3044
  },
  trace: [
    {
      column: null,
      file: null,
      function: null,
      line: null,
      method: null,
      native: false
    },
    {
      column: 13,
      file: 'file:///Users/romaindepret/Documents/Documents/Cours%20et%20Elearning/Udemy/De%CC%81veloppement%20Web/MERN%20e-commerce%20project/app/server/middlewares/protectRoute.js',
      function: null,
      line: 1,
      method: null,
      native: false
    },
    {
      column: 25,
      file: 'node:internal/modules/esm/module_job',
      function: 'ModuleJob.run',
      line: 185,
      method: 'run',
      native: false
    },
    {
      column: null,
      file: null,
      function: 'async Promise.all',
      line: null,
      method: 'all',
      native: false
    },
    {
      column: 24,
      file: 'node:internal/modules/esm/loader',
      function: 'async ESMLoader.import',
      line: 281,
      method: 'import',
      native: false
    },
    {
      column: 5,
      file: 'node:internal/process/esm_loader',
      function: 'async loadESM',
      line: 88,
      method: null,
      native: false
    },
    {
      column: 12,
      file: 'node:internal/modules/run_main',
      function: 'async handleMainPromise',
      line: 65,
      method: null,
      native: false
    }
  ],
  timestamp: '2023-01-10T14:41:25.970Z'
}
{
  message: 'E11000 duplicate key error collection: eShop.categories index: slug_1 dup key: { slug: "new-category" }',
  level: 'error',
  timestamp: '2023-01-10T16:57:45.312Z'
}
{
  message: 'mongoose is not defined',
  level: 'error',
  timestamp: '2023-01-10T21:21:33.365Z'
}
{
  message: 'User is not defined',
  level: 'error',
  timestamp: '2023-01-10T21:22:28.964Z'
}
